<?xml version="1.0" encoding="UTF-8"?>
<!-- Generated by org.testng.reporters.JUnitReportReporter -->
<testsuite hostname="Nabila-Mubeen-Dell" failures="0" tests="5" name="test.DataDrivenTestingWithCSV" time="6.691" errors="0" timestamp="2024-10-08T12:07:08 PKT" skipped="0">
  <testcase classname="test.DataDrivenTestingWithCSV" name="DataDrivenTesting" time="0.922"/>
  <testcase classname="test.DataDrivenTestingWithCSV" name="DataDrivenTesting" time="0.884"/>
  <testcase classname="test.DataDrivenTestingWithCSV" name="DataDrivenTesting" time="3.047"/>
  <testcase classname="test.DataDrivenTestingWithCSV" name="DataDrivenTesting" time="0.930"/>
  <testcase classname="test.DataDrivenTestingWithCSV" name="DataDrivenTesting" time="0.908"/>
</testsuite> <!-- test.DataDrivenTestingWithCSV -->
